

Processing HomeController#index (for 127.0.0.1 at 2009-09-11 22:03:38) [GET]
  Parameters: {"action"=>"index", "controller"=>"home"}
Rendering template within layouts/application
Rendering home/index
Completed in 21ms (View: 19, DB: 0) | 200 OK [http://local/]


Processing ApplicationController#index (for 127.0.0.1 at 2009-09-11 22:03:44) [GET]

ActionController::RoutingError (No route matches "/signout" with {:method=>:get}):
  

Rendering rescues/layout (not_found)


Processing SessionsController#destroy (for 127.0.0.1 at 2009-09-11 22:03:48) [GET]
  Parameters: {"action"=>"destroy", "controller"=>"sessions"}
Redirected to http://local:3000/
Completed in 3ms (DB: 0) | 302 Found [http://local/logout]


Processing HomeController#index (for 127.0.0.1 at 2009-09-11 22:03:48) [GET]
  Parameters: {"action"=>"index", "controller"=>"home"}
Rendering template within layouts/application
Rendering home/index
Completed in 4ms (View: 2, DB: 0) | 200 OK [http://local/]


Processing SessionsController#new (for 127.0.0.1 at 2009-09-11 22:03:51) [GET]
  Parameters: {"action"=>"new", "controller"=>"sessions"}
Rendering template within layouts/application
Rendering sessions/new
Completed in 10ms (View: 8, DB: 0) | 200 OK [http://local/login]


Processing SessionsController#create (for 127.0.0.1 at 2009-09-11 22:03:59) [POST]
  Parameters: {"commit"=>"Log in", "action"=>"create", "authenticity_token"=>"Yisbzv8JosOjYf5gUlianvcptRyJEgFSPoUX+ShPwvk=", "controller"=>"sessions", "login"=>"k33l0r", "password"=>"[FILTERED]"}
  [4;36;1mUser Load (0.2ms)[0m   [0;1mSELECT * FROM "users" WHERE ("users"."username" = 'k33l0r') LIMIT 1[0m
  [4;35;1mUser Load (0.1ms)[0m   [0mSELECT * FROM "users" WHERE ("users"."email" = 'k33l0r') LIMIT 1[0m
Rendering template within layouts/application
Rendering sessions/new
Completed in 39ms (View: 3, DB: 0) | 200 OK [http://local/sessions]


Processing SessionsController#create (for 127.0.0.1 at 2009-09-11 22:04:06) [POST]
  Parameters: {"commit"=>"Log in", "action"=>"create", "authenticity_token"=>"Yisbzv8JosOjYf5gUlianvcptRyJEgFSPoUX+ShPwvk=", "controller"=>"sessions", "login"=>"matt", "password"=>"[FILTERED]"}
  [4;36;1mUser Load (0.3ms)[0m   [0;1mSELECT * FROM "users" WHERE ("users"."username" = 'matt') LIMIT 1[0m
Redirected to http://local:3000/
Completed in 13ms (DB: 0) | 302 Found [http://local/sessions]


Processing HomeController#index (for 127.0.0.1 at 2009-09-11 22:04:06) [GET]
  Parameters: {"action"=>"index", "controller"=>"home"}
Rendering template within layouts/application
Rendering home/index
Completed in 5ms (View: 3, DB: 0) | 200 OK [http://local/]


Processing HomeController#index (for 127.0.0.1 at 2009-09-11 22:05:35) [GET]
  Parameters: {"action"=>"index", "controller"=>"home"}
Rendering template within layouts/application
Rendering home/index
Completed in 9ms (View: 7, DB: 0) | 200 OK [http://local/]


Processing HomeController#index (for 127.0.0.1 at 2009-09-11 22:07:12) [GET]
  Parameters: {"action"=>"index", "controller"=>"home"}
Rendering template within layouts/application
Rendering home/index
Completed in 8ms (View: 6, DB: 0) | 200 OK [http://local/]


Processing HomeController#index (for 127.0.0.1 at 2009-09-11 22:08:59) [GET]
  Parameters: {"action"=>"index", "controller"=>"home"}
Rendering template within layouts/application
Rendering home/index
Completed in 10ms (View: 7, DB: 0) | 200 OK [http://local/]


Processing HomeController#index (for 127.0.0.1 at 2009-09-11 22:09:24) [GET]
  Parameters: {"action"=>"index", "controller"=>"home"}
Rendering template within layouts/application
Rendering home/index
Completed in 9ms (View: 7, DB: 0) | 200 OK [http://local/]


Processing HomeController#index (for 127.0.0.1 at 2009-09-11 22:11:58) [GET]
  Parameters: {"action"=>"index", "controller"=>"home"}
Rendering template within layouts/application
Rendering home/index
Completed in 6ms (View: 3, DB: 0) | 200 OK [http://local/]


Processing HomeController#wake (for 127.0.0.1 at 2009-09-11 22:12:02) [POST]
  Parameters: {"commit"=>"Submit", "action"=>"wake", "authenticity_token"=>"Yisbzv8JosOjYf5gUlianvcptRyJEgFSPoUX+ShPwvk=", "mac"=>"00:1d:60:56:71:7e", "ip"=>"10.0.0.1", "controller"=>"home"}
Rendering template within layouts/application
Rendering home/wake
Completed in 8ms (View: 5, DB: 0) | 200 OK [http://local/home/wake]


Processing HomeController#wake (for 127.0.0.1 at 2009-09-11 22:12:33) [POST]
  Parameters: {"commit"=>"Submit", "action"=>"wake", "authenticity_token"=>"Yisbzv8JosOjYf5gUlianvcptRyJEgFSPoUX+ShPwvk=", "mac"=>"00:1d:60:56:71:7e", "ip"=>"10.0.0.1", "controller"=>"home"}
Rendering template within layouts/application
Rendering home/wake
Completed in 12ms (View: 10, DB: 0) | 200 OK [http://local/home/wake]


Processing HomeController#wake (for 127.0.0.1 at 2009-09-11 22:13:28) [POST]
  Parameters: {"commit"=>"Submit", "action"=>"wake", "authenticity_token"=>"Yisbzv8JosOjYf5gUlianvcptRyJEgFSPoUX+ShPwvk=", "mac"=>"00:1d:60:56:71:7e", "ip"=>"10.0.0.1", "controller"=>"home"}
Rendering template within layouts/application
Rendering home/wake
Completed in 12ms (View: 9, DB: 0) | 200 OK [http://local/home/wake]


Processing HomeController#wake (for 127.0.0.1 at 2009-09-11 22:15:11) [POST]
  Parameters: {"commit"=>"Submit", "action"=>"wake", "authenticity_token"=>"Yisbzv8JosOjYf5gUlianvcptRyJEgFSPoUX+ShPwvk=", "mac"=>"00:1d:60:56:71:7e", "ip"=>"10.0.0.1", "controller"=>"home"}
Rendering template within layouts/application
Rendering home/wake
Completed in 8ms (View: 5, DB: 0) | 200 OK [http://local/home/wake]


Processing HomeController#wake (for 127.0.0.1 at 2009-09-11 22:15:28) [POST]
  Parameters: {"commit"=>"Submit", "action"=>"wake", "authenticity_token"=>"Yisbzv8JosOjYf5gUlianvcptRyJEgFSPoUX+ShPwvk=", "mac"=>"00:1d:60:56:71:7e", "ip"=>"10.0.0.1", "controller"=>"home"}
Rendering template within layouts/application
Rendering home/wake
Completed in 9ms (View: 6, DB: 0) | 200 OK [http://local/home/wake]


Processing HomeController#wake (for 127.0.0.1 at 2009-09-11 22:15:54) [POST]
  Parameters: {"commit"=>"Submit", "action"=>"wake", "authenticity_token"=>"Yisbzv8JosOjYf5gUlianvcptRyJEgFSPoUX+ShPwvk=", "mac"=>"00:1d:60:56:71:7e", "ip"=>"10.0.0.1", "controller"=>"home"}
Rendering template within layouts/application
Rendering home/wake
Completed in 8ms (View: 5, DB: 0) | 200 OK [http://local/home/wake]


Processing HomeController#index (for 127.0.0.1 at 2009-09-11 22:16:03) [GET]
  Parameters: {"action"=>"index", "controller"=>"home"}
Rendering template within layouts/application
Rendering home/index
Completed in 19ms (View: 17, DB: 0) | 200 OK [http://local/]


Processing HomeController#wake (for 127.0.0.1 at 2009-09-11 22:19:25) [POST]
  Parameters: {"commit"=>"Submit", "action"=>"wake", "authenticity_token"=>"Yisbzv8JosOjYf5gUlianvcptRyJEgFSPoUX+ShPwvk=", "mac"=>"00:1d:60:56:71:7e", "ip"=>"10.0.0.1", "controller"=>"home"}
Rendering template within layouts/application
Rendering home/wake
Completed in 14ms (View: 10, DB: 0) | 200 OK [http://local/home/wake]


Processing HomeController#wake (for 127.0.0.1 at 2009-09-11 22:19:44) [POST]
  Parameters: {"commit"=>"Submit", "action"=>"wake", "authenticity_token"=>"Yisbzv8JosOjYf5gUlianvcptRyJEgFSPoUX+ShPwvk=", "mac"=>"00:1d:60:56:71:7e", "ip"=>"10.0.0.1", "controller"=>"home"}
Rendering template within layouts/application
Rendering home/wake
Completed in 4ms (View: 1, DB: 0) | 200 OK [http://local/home/wake]
